{"uid":"1e04656c03052776","name":"test_e2e_with_logs[071_XSS_DOM_006]","fullName":"allure.test_e2e_wrapper#test_e2e_with_logs","historyId":"49bc31988b46168510c1764b333ee81a","time":{"start":1767269931719,"stop":1767269931721,"duration":2},"description":"## Attack Pattern Information\n\n| Item | Value |\n|------|-------|\n| **Pattern ID** | `XSS_DOM_006` |\n| **Name** | Eval-based DOM XSS |\n| **Category** | XSS |\n| **Subcategory** | dom_xss |\n| **Severity** | `CRITICAL` |\n\n## Attack Details\n\n- **Payload**: `eval('alert(\"DOM XSS\")')`\n- **Encoded**: `eval%28%27alert%28%22DOM%20XSS%22%29%27%29`\n- **Expected Detection**: Yes\n\n## Test Execution Results\n\n- **Status**: `FAILED`\n- **Detection Count**: 0 / 1\n- **Latency**: N/A\n- **Timestamp**: N/A\n\n## Detection Evidence\n\n\n\n**Falco Log Entry**:\n```\n\n```","descriptionHtml":"<h2>Attack Pattern Information</h2>\n<table>\n<thead>\n<tr><th>Item</th><th>Value</th></tr>\n</thead>\n<tbody>\n<tr><td><strong>Pattern ID</strong></td><td><code>XSS_DOM_006</code></td></tr>\n<tr><td><strong>Name</strong></td><td>Eval-based DOM XSS</td></tr>\n<tr><td><strong>Category</strong></td><td>XSS</td></tr>\n<tr><td><strong>Subcategory</strong></td><td>dom_xss</td></tr>\n<tr><td><strong>Severity</strong></td><td><code>CRITICAL</code></td></tr>\n</tbody>\n</table>\n<h2>Attack Details</h2>\n<ul>\n<li><strong>Payload</strong>: <code>eval('alert(&quot;DOM XSS&quot;)')</code></li>\n<li><strong>Encoded</strong>: <code>eval%28%27alert%28%22DOM%20XSS%22%29%27%29</code></li>\n<li><strong>Expected Detection</strong>: Yes</li>\n</ul>\n<h2>Test Execution Results</h2>\n<ul>\n<li><strong>Status</strong>: <code>FAILED</code></li>\n<li><strong>Detection Count</strong>: 0 / 1</li>\n<li><strong>Latency</strong>: N/A</li>\n<li><strong>Timestamp</strong>: N/A</li>\n</ul>\n<h2>Detection Evidence</h2>\n<p><strong>Falco Log Entry</strong>:</p>\n<pre><code>\n</code></pre>\n","status":"failed","statusMessage":"AssertionError: Test XSS_DOM_006 failed: Unknown error\nassert 'failed' == 'passed'\n  \n  - passed\n  + failed","statusTrace":"allure/test_e2e_wrapper.py:626: in test_e2e_with_logs\n    assert status == 'passed', f\"Test {pattern_id} failed: {error_message if status != 'passed' else ''}\"\nE   AssertionError: Test XSS_DOM_006 failed: Unknown error\nE   assert 'failed' == 'passed'\nE     \nE     - passed\nE     + failed","flaky":false,"newFailed":false,"newBroken":false,"newPassed":false,"retriesCount":0,"retriesStatusChange":false,"beforeStages":[],"testStage":{"description":"## Attack Pattern Information\n\n| Item | Value |\n|------|-------|\n| **Pattern ID** | `XSS_DOM_006` |\n| **Name** | Eval-based DOM XSS |\n| **Category** | XSS |\n| **Subcategory** | dom_xss |\n| **Severity** | `CRITICAL` |\n\n## Attack Details\n\n- **Payload**: `eval('alert(\"DOM XSS\")')`\n- **Encoded**: `eval%28%27alert%28%22DOM%20XSS%22%29%27%29`\n- **Expected Detection**: Yes\n\n## Test Execution Results\n\n- **Status**: `FAILED`\n- **Detection Count**: 0 / 1\n- **Latency**: N/A\n- **Timestamp**: N/A\n\n## Detection Evidence\n\n\n\n**Falco Log Entry**:\n```\n\n```","status":"failed","statusMessage":"AssertionError: Test XSS_DOM_006 failed: Unknown error\nassert 'failed' == 'passed'\n  \n  - passed\n  + failed","statusTrace":"allure/test_e2e_wrapper.py:626: in test_e2e_with_logs\n    assert status == 'passed', f\"Test {pattern_id} failed: {error_message if status != 'passed' else ''}\"\nE   AssertionError: Test XSS_DOM_006 failed: Unknown error\nE   assert 'failed' == 'passed'\nE     \nE     - passed\nE     + failed","steps":[{"name":"k6 Test Execution Result","time":{"start":1767269931719,"stop":1767269931719,"duration":0},"status":"passed","steps":[],"attachments":[{"uid":"417d3280b8f4f51e","name":"XSS_DOM_006-result.json","source":"417d3280b8f4f51e.json","type":"application/json","size":346},{"uid":"e1ee328c4e8309b0","name":"Test Summary","source":"e1ee328c4e8309b0.txt","type":"text/plain","size":106}],"parameters":[],"shouldDisplayMessage":false,"stepsCount":0,"attachmentsCount":2,"hasContent":true,"attachmentStep":false},{"name":"Log Files","time":{"start":1767269931719,"stop":1767269931720,"duration":1},"status":"passed","steps":[],"attachments":[{"uid":"f989591a02f12c2d","name":"nginx access.log (highlighted)","source":"f989591a02f12c2d.html","type":"text/html","size":1253}],"parameters":[],"shouldDisplayMessage":false,"stepsCount":0,"attachmentsCount":1,"hasContent":true,"attachmentStep":false},{"name":"Verification Result","time":{"start":1767269931720,"stop":1767269931720,"duration":0},"status":"failed","statusMessage":"AssertionError: Test XSS_DOM_006 failed: Unknown error\nassert 'failed' == 'passed'\n  \n  - passed\n  + failed\n","statusTrace":"  File \"/home/runner/work/falco-plugin-nginx/falco-plugin-nginx/e2e/allure/test_e2e_wrapper.py\", line 626, in test_e2e_with_logs\n    assert status == 'passed', f\"Test {pattern_id} failed: {error_message if status != 'passed' else ''}\"\n","steps":[],"attachments":[{"uid":"e065aa7f870208ae","name":"Test Result","source":"e065aa7f870208ae.txt","type":"text/plain","size":46}],"parameters":[],"shouldDisplayMessage":true,"stepsCount":0,"attachmentsCount":1,"hasContent":true,"attachmentStep":false}],"attachments":[],"parameters":[],"shouldDisplayMessage":true,"stepsCount":3,"attachmentsCount":4,"hasContent":true,"attachmentStep":false},"afterStages":[],"labels":[{"name":"epic","value":"E2E Security Tests"},{"name":"feature","value":"XSS"},{"name":"story","value":"XSS_DOM_006"},{"name":"severity","value":"critical"},{"name":"tag","value":"allure"},{"name":"parentSuite","value":"allure"},{"name":"suite","value":"test_e2e_wrapper"},{"name":"host","value":"runnervmh13bl"},{"name":"thread","value":"4377-MainThread"},{"name":"framework","value":"pytest"},{"name":"language","value":"cpython3"},{"name":"package","value":"allure.test_e2e_wrapper"},{"name":"resultFormat","value":"allure2"}],"parameters":[{"name":"test_result","value":"{'pattern_id': 'XSS_DOM_006', 'test_id': 'XSS_DOM_006-1767269884146-wdkkyj', 'category': 'xss', 'detected': False, 'expected_detection': True, 'latency_ms': None, 'evidence': '', 'rule_name': '', 'expected_rule': 'DOM-based XSS Attack', 'rule_id': '', 'sent_at': 1767269914000, 'detected_at': None, 'status': 'failed'}"}],"links":[],"hidden":false,"retry":false,"extra":{"severity":"critical","retries":[],"categories":[{"name":"Product defects","matchedStatuses":[]}],"tags":["allure"]},"source":"1e04656c03052776.json","parameterValues":["{'pattern_id': 'XSS_DOM_006', 'test_id': 'XSS_DOM_006-1767269884146-wdkkyj', 'category': 'xss', 'detected': False, 'expected_detection': True, 'latency_ms': None, 'evidence': '', 'rule_name': '', 'expected_rule': 'DOM-based XSS Attack', 'rule_id': '', 'sent_at': 1767269914000, 'detected_at': None, 'status': 'failed'}"]}