{"uid":"994f5b772678d1a2","name":"test_e2e_with_logs[136_PATH_WIN_001]","fullName":"allure.test_e2e_wrapper#test_e2e_with_logs","historyId":"f56456138f80b6bbc1956addc76d26dc","time":{"start":1767269931920,"stop":1767269931922,"duration":2},"description":"## Attack Pattern Information\n\n| Item | Value |\n|------|-------|\n| **Pattern ID** | `PATH_WIN_001` |\n| **Name** | Windows backslash traversal |\n| **Category** | PATH |\n| **Subcategory** | windows_traversal |\n| **Severity** | `HIGH` |\n\n## Attack Details\n\n- **Payload**: `..\\`\n- **Encoded**: `..%5C`\n- **Expected Detection**: Yes\n\n## Test Execution Results\n\n- **Status**: `FAILED`\n- **Detection Count**: 0 / 1\n- **Latency**: N/A\n- **Timestamp**: N/A\n\n## Detection Evidence\n\n\n\n**Falco Log Entry**:\n```\n\n```","descriptionHtml":"<h2>Attack Pattern Information</h2>\n<table>\n<thead>\n<tr><th>Item</th><th>Value</th></tr>\n</thead>\n<tbody>\n<tr><td><strong>Pattern ID</strong></td><td><code>PATH_WIN_001</code></td></tr>\n<tr><td><strong>Name</strong></td><td>Windows backslash traversal</td></tr>\n<tr><td><strong>Category</strong></td><td>PATH</td></tr>\n<tr><td><strong>Subcategory</strong></td><td>windows_traversal</td></tr>\n<tr><td><strong>Severity</strong></td><td><code>HIGH</code></td></tr>\n</tbody>\n</table>\n<h2>Attack Details</h2>\n<ul>\n<li><strong>Payload</strong>: <code>..\\</code></li>\n<li><strong>Encoded</strong>: <code>..%5C</code></li>\n<li><strong>Expected Detection</strong>: Yes</li>\n</ul>\n<h2>Test Execution Results</h2>\n<ul>\n<li><strong>Status</strong>: <code>FAILED</code></li>\n<li><strong>Detection Count</strong>: 0 / 1</li>\n<li><strong>Latency</strong>: N/A</li>\n<li><strong>Timestamp</strong>: N/A</li>\n</ul>\n<h2>Detection Evidence</h2>\n<p><strong>Falco Log Entry</strong>:</p>\n<pre><code>\n</code></pre>\n","status":"failed","statusMessage":"AssertionError: Test PATH_WIN_001 failed: Unknown error\nassert 'failed' == 'passed'\n  \n  - passed\n  + failed","statusTrace":"allure/test_e2e_wrapper.py:626: in test_e2e_with_logs\n    assert status == 'passed', f\"Test {pattern_id} failed: {error_message if status != 'passed' else ''}\"\nE   AssertionError: Test PATH_WIN_001 failed: Unknown error\nE   assert 'failed' == 'passed'\nE     \nE     - passed\nE     + failed","flaky":false,"newFailed":false,"newBroken":false,"newPassed":false,"retriesCount":0,"retriesStatusChange":false,"beforeStages":[],"testStage":{"description":"## Attack Pattern Information\n\n| Item | Value |\n|------|-------|\n| **Pattern ID** | `PATH_WIN_001` |\n| **Name** | Windows backslash traversal |\n| **Category** | PATH |\n| **Subcategory** | windows_traversal |\n| **Severity** | `HIGH` |\n\n## Attack Details\n\n- **Payload**: `..\\`\n- **Encoded**: `..%5C`\n- **Expected Detection**: Yes\n\n## Test Execution Results\n\n- **Status**: `FAILED`\n- **Detection Count**: 0 / 1\n- **Latency**: N/A\n- **Timestamp**: N/A\n\n## Detection Evidence\n\n\n\n**Falco Log Entry**:\n```\n\n```","status":"failed","statusMessage":"AssertionError: Test PATH_WIN_001 failed: Unknown error\nassert 'failed' == 'passed'\n  \n  - passed\n  + failed","statusTrace":"allure/test_e2e_wrapper.py:626: in test_e2e_with_logs\n    assert status == 'passed', f\"Test {pattern_id} failed: {error_message if status != 'passed' else ''}\"\nE   AssertionError: Test PATH_WIN_001 failed: Unknown error\nE   assert 'failed' == 'passed'\nE     \nE     - passed\nE     + failed","steps":[{"name":"k6 Test Execution Result","time":{"start":1767269931920,"stop":1767269931921,"duration":1},"status":"passed","steps":[],"attachments":[{"uid":"37aa011ecb52a6c9","name":"PATH_WIN_001-result.json","source":"37aa011ecb52a6c9.json","type":"application/json","size":357},{"uid":"838be14cea28286a","name":"Test Summary","source":"838be14cea28286a.txt","type":"text/plain","size":107}],"parameters":[],"shouldDisplayMessage":false,"stepsCount":0,"attachmentsCount":2,"hasContent":true,"attachmentStep":false},{"name":"Log Files","time":{"start":1767269931921,"stop":1767269931921,"duration":0},"status":"passed","steps":[],"attachments":[{"uid":"175c16eb63daa5fc","name":"nginx access.log (highlighted)","source":"175c16eb63daa5fc.html","type":"text/html","size":1218}],"parameters":[],"shouldDisplayMessage":false,"stepsCount":0,"attachmentsCount":1,"hasContent":true,"attachmentStep":false},{"name":"Verification Result","time":{"start":1767269931921,"stop":1767269931921,"duration":0},"status":"failed","statusMessage":"AssertionError: Test PATH_WIN_001 failed: Unknown error\nassert 'failed' == 'passed'\n  \n  - passed\n  + failed\n","statusTrace":"  File \"/home/runner/work/falco-plugin-nginx/falco-plugin-nginx/e2e/allure/test_e2e_wrapper.py\", line 626, in test_e2e_with_logs\n    assert status == 'passed', f\"Test {pattern_id} failed: {error_message if status != 'passed' else ''}\"\n","steps":[],"attachments":[{"uid":"461c7535e9679adc","name":"Test Result","source":"461c7535e9679adc.txt","type":"text/plain","size":47}],"parameters":[],"shouldDisplayMessage":true,"stepsCount":0,"attachmentsCount":1,"hasContent":true,"attachmentStep":false}],"attachments":[],"parameters":[],"shouldDisplayMessage":true,"stepsCount":3,"attachmentsCount":4,"hasContent":true,"attachmentStep":false},"afterStages":[],"labels":[{"name":"epic","value":"E2E Security Tests"},{"name":"feature","value":"PATH"},{"name":"story","value":"PATH_WIN_001"},{"name":"severity","value":"critical"},{"name":"tag","value":"allure"},{"name":"parentSuite","value":"allure"},{"name":"suite","value":"test_e2e_wrapper"},{"name":"host","value":"runnervmh13bl"},{"name":"thread","value":"4377-MainThread"},{"name":"framework","value":"pytest"},{"name":"language","value":"cpython3"},{"name":"package","value":"allure.test_e2e_wrapper"},{"name":"resultFormat","value":"allure2"}],"parameters":[{"name":"test_result","value":"{'pattern_id': 'PATH_WIN_001', 'test_id': 'PATH_WIN_001-1767269888651-wkvtl', 'category': 'path', 'detected': False, 'expected_detection': True, 'latency_ms': None, 'evidence': '', 'rule_name': '', 'expected_rule': 'Windows Path Traversal Attack', 'rule_id': '', 'sent_at': 1767269914000, 'detected_at': None, 'status': 'failed'}"}],"links":[],"hidden":false,"retry":false,"extra":{"severity":"critical","retries":[],"categories":[{"name":"Product defects","matchedStatuses":[]}],"tags":["allure"]},"source":"994f5b772678d1a2.json","parameterValues":["{'pattern_id': 'PATH_WIN_001', 'test_id': 'PATH_WIN_001-1767269888651-wkvtl', 'category': 'path', 'detected': False, 'expected_detection': True, 'latency_ms': None, 'evidence': '', 'rule_name': '', 'expected_rule': 'Windows Path Traversal Attack', 'rule_id': '', 'sent_at': 1767269914000, 'detected_at': None, 'status': 'failed'}"]}