{"uid":"f65e76dcba98bd8b","name":"test_e2e_with_logs[075_XSS_DOM_010]","fullName":"allure.test_e2e_wrapper#test_e2e_with_logs","historyId":"9346c10aa771aff5107dda8a8fd85e21","time":{"start":1767269931737,"stop":1767269931738,"duration":1},"description":"## Attack Pattern Information\n\n| Item | Value |\n|------|-------|\n| **Pattern ID** | `XSS_DOM_010` |\n| **Name** | setTimeout string DOM XSS |\n| **Category** | XSS |\n| **Subcategory** | dom_xss |\n| **Severity** | `HIGH` |\n\n## Attack Details\n\n- **Payload**: `setTimeout('alert(\"DOM\")',1000)`\n- **Encoded**: `setTimeout%28%27alert%28%22DOM%22%29%27%2C1000%29`\n- **Expected Detection**: Yes\n\n## Test Execution Results\n\n- **Status**: `FAILED`\n- **Detection Count**: 0 / 1\n- **Latency**: N/A\n- **Timestamp**: N/A\n\n## Detection Evidence\n\n\n\n**Falco Log Entry**:\n```\n\n```","descriptionHtml":"<h2>Attack Pattern Information</h2>\n<table>\n<thead>\n<tr><th>Item</th><th>Value</th></tr>\n</thead>\n<tbody>\n<tr><td><strong>Pattern ID</strong></td><td><code>XSS_DOM_010</code></td></tr>\n<tr><td><strong>Name</strong></td><td>setTimeout string DOM XSS</td></tr>\n<tr><td><strong>Category</strong></td><td>XSS</td></tr>\n<tr><td><strong>Subcategory</strong></td><td>dom_xss</td></tr>\n<tr><td><strong>Severity</strong></td><td><code>HIGH</code></td></tr>\n</tbody>\n</table>\n<h2>Attack Details</h2>\n<ul>\n<li><strong>Payload</strong>: <code>setTimeout('alert(&quot;DOM&quot;)',1000)</code></li>\n<li><strong>Encoded</strong>: <code>setTimeout%28%27alert%28%22DOM%22%29%27%2C1000%29</code></li>\n<li><strong>Expected Detection</strong>: Yes</li>\n</ul>\n<h2>Test Execution Results</h2>\n<ul>\n<li><strong>Status</strong>: <code>FAILED</code></li>\n<li><strong>Detection Count</strong>: 0 / 1</li>\n<li><strong>Latency</strong>: N/A</li>\n<li><strong>Timestamp</strong>: N/A</li>\n</ul>\n<h2>Detection Evidence</h2>\n<p><strong>Falco Log Entry</strong>:</p>\n<pre><code>\n</code></pre>\n","status":"failed","statusMessage":"AssertionError: Test XSS_DOM_010 failed: Unknown error\nassert 'failed' == 'passed'\n  \n  - passed\n  + failed","statusTrace":"allure/test_e2e_wrapper.py:626: in test_e2e_with_logs\n    assert status == 'passed', f\"Test {pattern_id} failed: {error_message if status != 'passed' else ''}\"\nE   AssertionError: Test XSS_DOM_010 failed: Unknown error\nE   assert 'failed' == 'passed'\nE     \nE     - passed\nE     + failed","flaky":false,"newFailed":false,"newBroken":false,"newPassed":false,"retriesCount":0,"retriesStatusChange":false,"beforeStages":[],"testStage":{"description":"## Attack Pattern Information\n\n| Item | Value |\n|------|-------|\n| **Pattern ID** | `XSS_DOM_010` |\n| **Name** | setTimeout string DOM XSS |\n| **Category** | XSS |\n| **Subcategory** | dom_xss |\n| **Severity** | `HIGH` |\n\n## Attack Details\n\n- **Payload**: `setTimeout('alert(\"DOM\")',1000)`\n- **Encoded**: `setTimeout%28%27alert%28%22DOM%22%29%27%2C1000%29`\n- **Expected Detection**: Yes\n\n## Test Execution Results\n\n- **Status**: `FAILED`\n- **Detection Count**: 0 / 1\n- **Latency**: N/A\n- **Timestamp**: N/A\n\n## Detection Evidence\n\n\n\n**Falco Log Entry**:\n```\n\n```","status":"failed","statusMessage":"AssertionError: Test XSS_DOM_010 failed: Unknown error\nassert 'failed' == 'passed'\n  \n  - passed\n  + failed","statusTrace":"allure/test_e2e_wrapper.py:626: in test_e2e_with_logs\n    assert status == 'passed', f\"Test {pattern_id} failed: {error_message if status != 'passed' else ''}\"\nE   AssertionError: Test XSS_DOM_010 failed: Unknown error\nE   assert 'failed' == 'passed'\nE     \nE     - passed\nE     + failed","steps":[{"name":"k6 Test Execution Result","time":{"start":1767269931737,"stop":1767269931737,"duration":0},"status":"passed","steps":[],"attachments":[{"uid":"4fc16e947927fca1","name":"XSS_DOM_010-result.json","source":"4fc16e947927fca1.json","type":"application/json","size":345},{"uid":"fe9bebdd5d2091e9","name":"Test Summary","source":"fe9bebdd5d2091e9.txt","type":"text/plain","size":106}],"parameters":[],"shouldDisplayMessage":false,"stepsCount":0,"attachmentsCount":2,"hasContent":true,"attachmentStep":false},{"name":"Log Files","time":{"start":1767269931737,"stop":1767269931738,"duration":1},"status":"passed","steps":[],"attachments":[{"uid":"65a9c03bf0aee53d","name":"nginx access.log (highlighted)","source":"65a9c03bf0aee53d.html","type":"text/html","size":1259}],"parameters":[],"shouldDisplayMessage":false,"stepsCount":0,"attachmentsCount":1,"hasContent":true,"attachmentStep":false},{"name":"Verification Result","time":{"start":1767269931738,"stop":1767269931738,"duration":0},"status":"failed","statusMessage":"AssertionError: Test XSS_DOM_010 failed: Unknown error\nassert 'failed' == 'passed'\n  \n  - passed\n  + failed\n","statusTrace":"  File \"/home/runner/work/falco-plugin-nginx/falco-plugin-nginx/e2e/allure/test_e2e_wrapper.py\", line 626, in test_e2e_with_logs\n    assert status == 'passed', f\"Test {pattern_id} failed: {error_message if status != 'passed' else ''}\"\n","steps":[],"attachments":[{"uid":"aa01ba3fb6d73459","name":"Test Result","source":"aa01ba3fb6d73459.txt","type":"text/plain","size":46}],"parameters":[],"shouldDisplayMessage":true,"stepsCount":0,"attachmentsCount":1,"hasContent":true,"attachmentStep":false}],"attachments":[],"parameters":[],"shouldDisplayMessage":true,"stepsCount":3,"attachmentsCount":4,"hasContent":true,"attachmentStep":false},"afterStages":[],"labels":[{"name":"epic","value":"E2E Security Tests"},{"name":"feature","value":"XSS"},{"name":"story","value":"XSS_DOM_010"},{"name":"severity","value":"critical"},{"name":"tag","value":"allure"},{"name":"parentSuite","value":"allure"},{"name":"suite","value":"test_e2e_wrapper"},{"name":"host","value":"runnervmh13bl"},{"name":"thread","value":"4377-MainThread"},{"name":"framework","value":"pytest"},{"name":"language","value":"cpython3"},{"name":"package","value":"allure.test_e2e_wrapper"},{"name":"resultFormat","value":"allure2"}],"parameters":[{"name":"test_result","value":"{'pattern_id': 'XSS_DOM_010', 'test_id': 'XSS_DOM_010-1767269886151-kywyr', 'category': 'xss', 'detected': False, 'expected_detection': True, 'latency_ms': None, 'evidence': '', 'rule_name': '', 'expected_rule': 'DOM-based XSS Attack', 'rule_id': '', 'sent_at': 1767269914000, 'detected_at': None, 'status': 'failed'}"}],"links":[],"hidden":false,"retry":false,"extra":{"severity":"critical","retries":[],"categories":[{"name":"Product defects","matchedStatuses":[]}],"tags":["allure"]},"source":"f65e76dcba98bd8b.json","parameterValues":["{'pattern_id': 'XSS_DOM_010', 'test_id': 'XSS_DOM_010-1767269886151-kywyr', 'category': 'xss', 'detected': False, 'expected_detection': True, 'latency_ms': None, 'evidence': '', 'rule_name': '', 'expected_rule': 'DOM-based XSS Attack', 'rule_id': '', 'sent_at': 1767269914000, 'detected_at': None, 'status': 'failed'}"]}