{"uid":"114936e6996c5b4","name":"test_e2e_with_logs[096_CMD_BACK_001]","fullName":"allure.test_e2e_wrapper#test_e2e_with_logs","historyId":"5444089b7cfc5580bb21600420c5f198","time":{"start":1766305848698,"stop":1766305848699,"duration":1},"description":"## Attack Pattern Information\n\n| Item | Value |\n|------|-------|\n| **Pattern ID** | `CMD_BACK_001` |\n| **Name** | File deletion via backticks |\n| **Category** | CMDINJ |\n| **Subcategory** | backtick_execution |\n| **Severity** | `CRITICAL` |\n\n## Attack Details\n\n- **Payload**: ``rm -rf /tmp/*``\n- **Encoded**: `%60rm%20-rf%20%2Ftmp%2F*%60`\n- **Expected Detection**: Yes\n\n## Test Execution Results\n\n- **Status**: `FAILED`\n- **Detection Count**: 0 / 1\n- **Latency**: N/A\n- **Timestamp**: N/A\n\n## Detection Evidence\n\n\n\n**Falco Log Entry**:\n```\n\n```","descriptionHtml":"<h2>Attack Pattern Information</h2>\n<table>\n<thead>\n<tr><th>Item</th><th>Value</th></tr>\n</thead>\n<tbody>\n<tr><td><strong>Pattern ID</strong></td><td><code>CMD_BACK_001</code></td></tr>\n<tr><td><strong>Name</strong></td><td>File deletion via backticks</td></tr>\n<tr><td><strong>Category</strong></td><td>CMDINJ</td></tr>\n<tr><td><strong>Subcategory</strong></td><td>backtick_execution</td></tr>\n<tr><td><strong>Severity</strong></td><td><code>CRITICAL</code></td></tr>\n</tbody>\n</table>\n<h2>Attack Details</h2>\n<ul>\n<li><strong>Payload</strong>: <code>rm -rf /tmp/*</code></li>\n<li><strong>Encoded</strong>: <code>%60rm%20-rf%20%2Ftmp%2F*%60</code></li>\n<li><strong>Expected Detection</strong>: Yes</li>\n</ul>\n<h2>Test Execution Results</h2>\n<ul>\n<li><strong>Status</strong>: <code>FAILED</code></li>\n<li><strong>Detection Count</strong>: 0 / 1</li>\n<li><strong>Latency</strong>: N/A</li>\n<li><strong>Timestamp</strong>: N/A</li>\n</ul>\n<h2>Detection Evidence</h2>\n<p><strong>Falco Log Entry</strong>:</p>\n<pre><code>\n</code></pre>\n","status":"failed","statusMessage":"AssertionError: Test CMD_BACK_001 failed: Unknown error\nassert 'failed' == 'passed'\n  \n  - passed\n  + failed","statusTrace":"allure/test_e2e_wrapper.py:626: in test_e2e_with_logs\n    assert status == 'passed', f\"Test {pattern_id} failed: {error_message if status != 'passed' else ''}\"\nE   AssertionError: Test CMD_BACK_001 failed: Unknown error\nE   assert 'failed' == 'passed'\nE     \nE     - passed\nE     + failed","flaky":false,"newFailed":false,"newBroken":false,"newPassed":false,"retriesCount":0,"retriesStatusChange":false,"beforeStages":[],"testStage":{"description":"## Attack Pattern Information\n\n| Item | Value |\n|------|-------|\n| **Pattern ID** | `CMD_BACK_001` |\n| **Name** | File deletion via backticks |\n| **Category** | CMDINJ |\n| **Subcategory** | backtick_execution |\n| **Severity** | `CRITICAL` |\n\n## Attack Details\n\n- **Payload**: ``rm -rf /tmp/*``\n- **Encoded**: `%60rm%20-rf%20%2Ftmp%2F*%60`\n- **Expected Detection**: Yes\n\n## Test Execution Results\n\n- **Status**: `FAILED`\n- **Detection Count**: 0 / 1\n- **Latency**: N/A\n- **Timestamp**: N/A\n\n## Detection Evidence\n\n\n\n**Falco Log Entry**:\n```\n\n```","status":"failed","statusMessage":"AssertionError: Test CMD_BACK_001 failed: Unknown error\nassert 'failed' == 'passed'\n  \n  - passed\n  + failed","statusTrace":"allure/test_e2e_wrapper.py:626: in test_e2e_with_logs\n    assert status == 'passed', f\"Test {pattern_id} failed: {error_message if status != 'passed' else ''}\"\nE   AssertionError: Test CMD_BACK_001 failed: Unknown error\nE   assert 'failed' == 'passed'\nE     \nE     - passed\nE     + failed","steps":[{"name":"k6 Test Execution Result","time":{"start":1766305848698,"stop":1766305848698,"duration":0},"status":"passed","steps":[],"attachments":[{"uid":"af2b4e0d6a2a05","name":"CMD_BACK_001-result.json","source":"af2b4e0d6a2a05.json","type":"application/json","size":301},{"uid":"56214338f650d81d","name":"Test Summary","source":"56214338f650d81d.txt","type":"text/plain","size":107}],"parameters":[],"shouldDisplayMessage":false,"stepsCount":0,"attachmentsCount":2,"hasContent":true,"attachmentStep":false},{"name":"Log Files","time":{"start":1766305848698,"stop":1766305848699,"duration":1},"status":"passed","steps":[],"attachments":[{"uid":"2b8e1720c83098fd","name":"nginx access.log (highlighted)","source":"2b8e1720c83098fd.html","type":"text/html","size":1243}],"parameters":[],"shouldDisplayMessage":false,"stepsCount":0,"attachmentsCount":1,"hasContent":true,"attachmentStep":false},{"name":"Verification Result","time":{"start":1766305848699,"stop":1766305848699,"duration":0},"status":"failed","statusMessage":"AssertionError: Test CMD_BACK_001 failed: Unknown error\nassert 'failed' == 'passed'\n  \n  - passed\n  + failed\n","statusTrace":"  File \"/home/runner/work/falco-plugin-nginx/falco-plugin-nginx/e2e/allure/test_e2e_wrapper.py\", line 626, in test_e2e_with_logs\n    assert status == 'passed', f\"Test {pattern_id} failed: {error_message if status != 'passed' else ''}\"\n","steps":[],"attachments":[{"uid":"d4abc592d94a1128","name":"Test Result","source":"d4abc592d94a1128.txt","type":"text/plain","size":47}],"parameters":[],"shouldDisplayMessage":true,"stepsCount":0,"attachmentsCount":1,"hasContent":true,"attachmentStep":false}],"attachments":[],"parameters":[],"shouldDisplayMessage":true,"stepsCount":3,"attachmentsCount":4,"hasContent":true,"attachmentStep":false},"afterStages":[],"labels":[{"name":"epic","value":"E2E Security Tests"},{"name":"feature","value":"CMDINJ"},{"name":"story","value":"CMD_BACK_001"},{"name":"severity","value":"critical"},{"name":"tag","value":"allure"},{"name":"parentSuite","value":"allure"},{"name":"suite","value":"test_e2e_wrapper"},{"name":"host","value":"runnervmh13bl"},{"name":"thread","value":"4390-MainThread"},{"name":"framework","value":"pytest"},{"name":"language","value":"cpython3"},{"name":"package","value":"allure.test_e2e_wrapper"},{"name":"resultFormat","value":"allure2"}],"parameters":[{"name":"test_result","value":"{'pattern_id': 'CMD_BACK_001', 'test_id': 'CMD_BACK_001-1766305820710-jeg3lo', 'category': 'cmdinj', 'detected': False, 'latency_ms': None, 'evidence': '', 'rule_name': '', 'expected_rule': '', 'rule_id': '', 'sent_at': 1766305833000, 'detected_at': None, 'status': 'failed'}"}],"links":[],"hidden":false,"retry":false,"extra":{"severity":"critical","retries":[],"categories":[{"name":"Product defects","matchedStatuses":[]}],"tags":["allure"]},"source":"114936e6996c5b4.json","parameterValues":["{'pattern_id': 'CMD_BACK_001', 'test_id': 'CMD_BACK_001-1766305820710-jeg3lo', 'category': 'cmdinj', 'detected': False, 'latency_ms': None, 'evidence': '', 'rule_name': '', 'expected_rule': '', 'rule_id': '', 'sent_at': 1766305833000, 'detected_at': None, 'status': 'failed'}"]}