{"uid":"6119e0b7c075607f","name":"test_e2e_with_logs[113_CMD_BASIC_017]","fullName":"allure.test_e2e_wrapper#test_e2e_with_logs","historyId":"0a24b0819ec0af91a89a6ecb864b8487","time":{"start":1766305848771,"stop":1766305848773,"duration":2},"description":"## Attack Pattern Information\n\n| Item | Value |\n|------|-------|\n| **Pattern ID** | `CMD_BASIC_017` |\n| **Name** | Backtick command substitution |\n| **Category** | CMDINJ |\n| **Subcategory** | basic_command_injection |\n| **Severity** | `CRITICAL` |\n\n## Attack Details\n\n- **Payload**: ``id``\n- **Encoded**: `%60id%60`\n- **Expected Detection**: Yes\n\n## Test Execution Results\n\n- **Status**: `FAILED`\n- **Detection Count**: 0 / 1\n- **Latency**: N/A\n- **Timestamp**: N/A\n\n## Detection Evidence\n\n\n\n**Falco Log Entry**:\n```\n\n```","descriptionHtml":"<h2>Attack Pattern Information</h2>\n<table>\n<thead>\n<tr><th>Item</th><th>Value</th></tr>\n</thead>\n<tbody>\n<tr><td><strong>Pattern ID</strong></td><td><code>CMD_BASIC_017</code></td></tr>\n<tr><td><strong>Name</strong></td><td>Backtick command substitution</td></tr>\n<tr><td><strong>Category</strong></td><td>CMDINJ</td></tr>\n<tr><td><strong>Subcategory</strong></td><td>basic_command_injection</td></tr>\n<tr><td><strong>Severity</strong></td><td><code>CRITICAL</code></td></tr>\n</tbody>\n</table>\n<h2>Attack Details</h2>\n<ul>\n<li><strong>Payload</strong>: <code>id</code></li>\n<li><strong>Encoded</strong>: <code>%60id%60</code></li>\n<li><strong>Expected Detection</strong>: Yes</li>\n</ul>\n<h2>Test Execution Results</h2>\n<ul>\n<li><strong>Status</strong>: <code>FAILED</code></li>\n<li><strong>Detection Count</strong>: 0 / 1</li>\n<li><strong>Latency</strong>: N/A</li>\n<li><strong>Timestamp</strong>: N/A</li>\n</ul>\n<h2>Detection Evidence</h2>\n<p><strong>Falco Log Entry</strong>:</p>\n<pre><code>\n</code></pre>\n","status":"failed","statusMessage":"AssertionError: Test CMD_BASIC_017 failed: Unknown error\nassert 'failed' == 'passed'\n  \n  - passed\n  + failed","statusTrace":"allure/test_e2e_wrapper.py:626: in test_e2e_with_logs\n    assert status == 'passed', f\"Test {pattern_id} failed: {error_message if status != 'passed' else ''}\"\nE   AssertionError: Test CMD_BASIC_017 failed: Unknown error\nE   assert 'failed' == 'passed'\nE     \nE     - passed\nE     + failed","flaky":false,"newFailed":false,"newBroken":false,"newPassed":false,"retriesCount":0,"retriesStatusChange":false,"beforeStages":[],"testStage":{"description":"## Attack Pattern Information\n\n| Item | Value |\n|------|-------|\n| **Pattern ID** | `CMD_BASIC_017` |\n| **Name** | Backtick command substitution |\n| **Category** | CMDINJ |\n| **Subcategory** | basic_command_injection |\n| **Severity** | `CRITICAL` |\n\n## Attack Details\n\n- **Payload**: ``id``\n- **Encoded**: `%60id%60`\n- **Expected Detection**: Yes\n\n## Test Execution Results\n\n- **Status**: `FAILED`\n- **Detection Count**: 0 / 1\n- **Latency**: N/A\n- **Timestamp**: N/A\n\n## Detection Evidence\n\n\n\n**Falco Log Entry**:\n```\n\n```","status":"failed","statusMessage":"AssertionError: Test CMD_BASIC_017 failed: Unknown error\nassert 'failed' == 'passed'\n  \n  - passed\n  + failed","statusTrace":"allure/test_e2e_wrapper.py:626: in test_e2e_with_logs\n    assert status == 'passed', f\"Test {pattern_id} failed: {error_message if status != 'passed' else ''}\"\nE   AssertionError: Test CMD_BASIC_017 failed: Unknown error\nE   assert 'failed' == 'passed'\nE     \nE     - passed\nE     + failed","steps":[{"name":"k6 Test Execution Result","time":{"start":1766305848771,"stop":1766305848771,"duration":0},"status":"passed","steps":[],"attachments":[{"uid":"3bac9c7a26e582b","name":"CMD_BASIC_017-result.json","source":"3bac9c7a26e582b.json","type":"application/json","size":303},{"uid":"288a9e3502e3807d","name":"Test Summary","source":"288a9e3502e3807d.txt","type":"text/plain","size":108}],"parameters":[],"shouldDisplayMessage":false,"stepsCount":0,"attachmentsCount":2,"hasContent":true,"attachmentStep":false},{"name":"Log Files","time":{"start":1766305848771,"stop":1766305848772,"duration":1},"status":"passed","steps":[],"attachments":[{"uid":"149d3ffd26e961f1","name":"nginx access.log (highlighted)","source":"149d3ffd26e961f1.html","type":"text/html","size":1226}],"parameters":[],"shouldDisplayMessage":false,"stepsCount":0,"attachmentsCount":1,"hasContent":true,"attachmentStep":false},{"name":"Verification Result","time":{"start":1766305848772,"stop":1766305848772,"duration":0},"status":"failed","statusMessage":"AssertionError: Test CMD_BASIC_017 failed: Unknown error\nassert 'failed' == 'passed'\n  \n  - passed\n  + failed\n","statusTrace":"  File \"/home/runner/work/falco-plugin-nginx/falco-plugin-nginx/e2e/allure/test_e2e_wrapper.py\", line 626, in test_e2e_with_logs\n    assert status == 'passed', f\"Test {pattern_id} failed: {error_message if status != 'passed' else ''}\"\n","steps":[],"attachments":[{"uid":"8abd923d75892b7f","name":"Test Result","source":"8abd923d75892b7f.txt","type":"text/plain","size":48}],"parameters":[],"shouldDisplayMessage":true,"stepsCount":0,"attachmentsCount":1,"hasContent":true,"attachmentStep":false}],"attachments":[],"parameters":[],"shouldDisplayMessage":true,"stepsCount":3,"attachmentsCount":4,"hasContent":true,"attachmentStep":false},"afterStages":[],"labels":[{"name":"epic","value":"E2E Security Tests"},{"name":"feature","value":"CMDINJ"},{"name":"story","value":"CMD_BASIC_017"},{"name":"severity","value":"critical"},{"name":"tag","value":"allure"},{"name":"parentSuite","value":"allure"},{"name":"suite","value":"test_e2e_wrapper"},{"name":"host","value":"runnervmh13bl"},{"name":"thread","value":"4390-MainThread"},{"name":"framework","value":"pytest"},{"name":"language","value":"cpython3"},{"name":"package","value":"allure.test_e2e_wrapper"},{"name":"resultFormat","value":"allure2"}],"parameters":[{"name":"test_result","value":"{'pattern_id': 'CMD_BASIC_017', 'test_id': 'CMD_BASIC_017-1766305818705-704yge', 'category': 'cmdinj', 'detected': False, 'latency_ms': None, 'evidence': '', 'rule_name': '', 'expected_rule': '', 'rule_id': '', 'sent_at': 1766305833000, 'detected_at': None, 'status': 'failed'}"}],"links":[],"hidden":false,"retry":false,"extra":{"severity":"critical","retries":[],"categories":[{"name":"Product defects","matchedStatuses":[]}],"tags":["allure"]},"source":"6119e0b7c075607f.json","parameterValues":["{'pattern_id': 'CMD_BASIC_017', 'test_id': 'CMD_BASIC_017-1766305818705-704yge', 'category': 'cmdinj', 'detected': False, 'latency_ms': None, 'evidence': '', 'rule_name': '', 'expected_rule': '', 'rule_id': '', 'sent_at': 1766305833000, 'detected_at': None, 'status': 'failed'}"]}